# JRE version: OpenJDK Runtime Environment Zulu16.32+15-CA (16.0.2+7) (build 16.0.2+7)
# Java VM: OpenJDK 64-Bit Server VM Zulu16.32+15-CA (16.0.2+7, mixed mode, tiered, compressed oops, compressed class ptrs, g1 gc, bsd-aarch64)
GC Precious Log:
 CPUs: 10 total, 10 available
 Memory: 32768M
 Large Page Support: Disabled
 NUMA Support: Disabled
 Compressed Oops: Enabled (Zero based)
 Heap Region Size: 1M
 Heap Min Capacity: 8M
 Heap Initial Capacity: 512M
 Heap Max Capacity: 512M
 Pre-touch: Disabled
 Parallel Workers: 9
 Concurrent Workers: 2
 Concurrent Refinement Workers: 9
 Periodic GC: Disabled
Heap:
 garbage-first heap   total 281600K, used 227459K [0x00000007a0000000, 0x00000007c0000000)
  region size 1024K, 96 young (98304K), 12 survivors (12288K)
 Metaspace       used 21923K, committed 22208K, reserved 1073152K
  class space    used 2281K, committed 2432K, reserved 1048576K
GC Heap History (20 events):
Event: 0.792 GC heap before
{Heap before GC invocations=8 (full 0):
 garbage-first heap   total 157696K, used 120336K [0x00000007a0000000, 0x00000007c0000000)
  region size 1024K, 79 young (80896K), 11 survivors (11264K)
 Metaspace       used 21568K, committed 21824K, reserved 1073152K
  class space    used 2265K, committed 2368K, reserved 1048576K
}
Event: 0.796 GC heap after
{Heap after GC invocations=9 (full 0):
 garbage-first heap   total 157696K, used 59720K [0x00000007a0000000, 0x00000007c0000000)
  region size 1024K, 8 young (8192K), 8 survivors (8192K)
 Metaspace       used 21568K, committed 21824K, reserved 1073152K
  class space    used 2265K, committed 2368K, reserved 1048576K
}
Event: 0.819 GC heap before
{Heap before GC invocations=9 (full 0):
 garbage-first heap   total 157696K, used 122184K [0x00000007a0000000, 0x00000007c0000000)
  region size 1024K, 70 young (71680K), 8 survivors (8192K)
 Metaspace       used 21568K, committed 21824K, reserved 1073152K
  class space    used 2265K, committed 2368K, reserved 1048576K
}
Event: 0.823 GC heap after
{Heap after GC invocations=10 (full 0):
 garbage-first heap   total 231424K, used 67039K [0x00000007a0000000, 0x00000007c0000000)
  region size 1024K, 8 young (8192K), 8 survivors (8192K)
 Metaspace       used 21568K, committed 21824K, reserved 1073152K
  class space    used 2265K, committed 2368K, reserved 1048576K
}
Event: 0.877 GC heap before
{Heap before GC invocations=10 (full 0):
 garbage-first heap   total 231424K, used 172511K [0x00000007a0000000, 0x00000007c0000000)
  region size 1024K, 112 young (114688K), 8 survivors (8192K)
 Metaspace       used 21570K, committed 21824K, reserved 1073152K
  class space    used 2265K, committed 2368K, reserved 1048576K
}
Event: 0.882 GC heap after
{Heap after GC invocations=11 (full 0):
 garbage-first heap   total 231424K, used 74620K [0x00000007a0000000, 0x00000007c0000000)
  region size 1024K, 14 young (14336K), 14 survivors (14336K)
 Metaspace       used 21570K, committed 21824K, reserved 1073152K
  class space    used 2265K, committed 2368K, reserved 1048576K
}
Event: 0.913 GC heap before
{Heap before GC invocations=11 (full 0):
 garbage-first heap   total 231424K, used 177020K [0x00000007a0000000, 0x00000007c0000000)
  region size 1024K, 115 young (117760K), 14 survivors (14336K)
 Metaspace       used 21572K, committed 21824K, reserved 1073152K
  class space    used 2265K, committed 2368K, reserved 1048576K
}
Event: 0.918 GC heap after
{Heap after GC invocations=12 (full 0):
 garbage-first heap   total 231424K, used 81603K [0x00000007a0000000, 0x00000007c0000000)
  region size 1024K, 14 young (14336K), 14 survivors (14336K)
 Metaspace       used 21572K, committed 21824K, reserved 1073152K
  class space    used 2265K, committed 2368K, reserved 1048576K
}
Event: 0.946 GC heap before
{Heap before GC invocations=12 (full 0):
 garbage-first heap   total 231424K, used 180931K [0x00000007a0000000, 0x00000007c0000000)
  region size 1024K, 112 young (114688K), 14 survivors (14336K)
 Metaspace       used 21597K, committed 21888K, reserved 1073152K
  class space    used 2267K, committed 2368K, reserved 1048576K
}
Event: 0.951 GC heap after
{Heap after GC invocations=13 (full 0):
 garbage-first heap   total 231424K, used 87110K [0x00000007a0000000, 0x00000007c0000000)
  region size 1024K, 12 young (12288K), 12 survivors (12288K)
 Metaspace       used 21597K, committed 21888K, reserved 1073152K
  class space    used 2267K, committed 2368K, reserved 1048576K
}
Event: 0.973 GC heap before
{Heap before GC invocations=13 (full 0):
 garbage-first heap   total 231424K, used 184390K [0x00000007a0000000, 0x00000007c0000000)
  region size 1024K, 108 young (110592K), 12 survivors (12288K)
 Metaspace       used 21597K, committed 21888K, reserved 1073152K
  class space    used 2267K, committed 2368K, reserved 1048576K
}
Event: 0.979 GC heap after
{Heap after GC invocations=14 (full 0):
 garbage-first heap   total 281600K, used 93191K [0x00000007a0000000, 0x00000007c0000000)
  region size 1024K, 11 young (11264K), 11 survivors (11264K)
 Metaspace       used 21597K, committed 21888K, reserved 1073152K
  class space    used 2267K, committed 2368K, reserved 1048576K
}
Event: 1.156 GC heap before
{Heap before GC invocations=14 (full 0):
 garbage-first heap   total 281600K, used 223239K [0x00000007a0000000, 0x00000007c0000000)
  region size 1024K, 139 young (142336K), 11 survivors (11264K)
 Metaspace       used 21920K, committed 22208K, reserved 1073152K
  class space    used 2281K, committed 2432K, reserved 1048576K
}
Event: 1.171 GC heap after
{Heap after GC invocations=15 (full 0):
 garbage-first heap   total 281600K, used 114190K [0x00000007a0000000, 0x00000007c0000000)
  region size 1024K, 18 young (18432K), 18 survivors (18432K)
 Metaspace       used 21920K, committed 22208K, reserved 1073152K
  class space    used 2281K, committed 2432K, reserved 1048576K
}
Event: 1.215 GC heap before
{Heap before GC invocations=15 (full 0):
 garbage-first heap   total 281600K, used 220686K [0x00000007a0000000, 0x00000007c0000000)
  region size 1024K, 123 young (125952K), 18 survivors (18432K)
 Metaspace       used 21922K, committed 22208K, reserved 1073152K
  class space    used 2281K, committed 2432K, reserved 1048576K
}
Event: 1.227 GC heap after
{Heap after GC invocations=16 (full 0):
 garbage-first heap   total 281600K, used 120681K [0x00000007a0000000, 0x00000007c0000000)
  region size 1024K, 6 young (6144K), 6 survivors (6144K)
 Metaspace       used 21922K, committed 22208K, reserved 1073152K
  class space    used 2281K, committed 2432K, reserved 1048576K
}
Event: 1.257 GC heap before
{Heap before GC invocations=16 (full 0):
 garbage-first heap   total 281600K, used 225129K [0x00000007a0000000, 0x00000007c0000000)
  region size 1024K, 109 young (111616K), 6 survivors (6144K)
 Metaspace       used 21923K, committed 22208K, reserved 1073152K
  class space    used 2281K, committed 2432K, reserved 1048576K
}
Event: 1.262 GC heap after
{Heap after GC invocations=17 (full 0):
 garbage-first heap   total 281600K, used 130977K [0x00000007a0000000, 0x00000007c0000000)
  region size 1024K, 14 young (14336K), 14 survivors (14336K)
 Metaspace       used 21923K, committed 22208K, reserved 1073152K
  class space    used 2281K, committed 2432K, reserved 1048576K
}
Event: 1.290 GC heap before
{Heap before GC invocations=17 (full 0):
 garbage-first heap   total 281600K, used 226209K [0x00000007a0000000, 0x00000007c0000000)
  region size 1024K, 108 young (110592K), 14 survivors (14336K)
 Metaspace       used 21923K, committed 22208K, reserved 1073152K
  class space    used 2281K, committed 2432K, reserved 1048576K
}
Event: 1.294 GC heap after
{Heap after GC invocations=18 (full 0):
 garbage-first heap   total 281600K, used 142467K [0x00000007a0000000, 0x00000007c0000000)
  region size 1024K, 12 young (12288K), 12 survivors (12288K)
 Metaspace       used 21923K, committed 22208K, reserved 1073152K
  class space    used 2281K, committed 2432K, reserved 1048576K
}

